2025-07-20 08:45:01.4958 [INF] => GetInitConfigDone(): SystemSettings not saved in database
2025-07-20 08:45:01.5254 [INF] => GetInitConfigDone(): No Admins in database and using Strategy: LocalStrategy
2025-07-20 08:45:01.6137 [INF] => Starting worker: CalendarEventWorker
2025-07-20 08:45:01.6137 [INF] => Starting worker: MailWorker
2025-07-20 08:45:01.6137 [INF] => Fenrus v23.08.3.994 started
2025-07-20 08:45:11.6143 [INF] => Triggering worker: CalendarEventWorker
2025-07-20 08:45:21.6145 [INF] => Triggering worker: CalendarEventWorker
2025-07-20 08:45:26.4921 [INF] => Fenrus v23.08.3.994 stopped
2025-07-20 08:45:26.4930 [INF] => Stopping worker: CalendarEventWorker
2025-07-20 08:45:26.4930 [INF] => Stopping worker: MailWorker
2025-07-20 08:48:12.5148 [INF] => GetInitConfigDone(): No Admins in database and using Strategy: LocalStrategy
2025-07-20 08:48:12.5276 [INF] => GetInitConfigDone(): No Admins in database and using Strategy: LocalStrategy
2025-07-20 08:48:12.6211 [INF] => Starting worker: CalendarEventWorker
2025-07-20 08:48:12.6211 [INF] => Starting worker: MailWorker
2025-07-20 08:48:12.6215 [INF] => Fenrus v23.08.3.994 started
2025-07-20 08:48:19.8919 [INF] => Fenrus v23.08.3.994 stopped
2025-07-20 08:48:19.8919 [INF] => Stopping worker: CalendarEventWorker
2025-07-20 08:48:19.8919 [INF] => Stopping worker: MailWorker
2025-07-20 08:49:19.3478 [INF] => GetInitConfigDone(): No Admins in database and using Strategy: LocalStrategy
2025-07-20 08:49:19.3628 [INF] => GetInitConfigDone(): No Admins in database and using Strategy: LocalStrategy
2025-07-20 08:49:19.4618 [INF] => Starting worker: CalendarEventWorker
2025-07-20 08:49:19.4618 [INF] => Starting worker: MailWorker
2025-07-20 08:49:19.4618 [INF] => Fenrus v23.08.3.994 started
2025-07-20 08:49:27.3721 [INF] => Fenrus v23.08.3.994 stopped
2025-07-20 08:49:27.3723 [INF] => Stopping worker: CalendarEventWorker
2025-07-20 08:49:27.3723 [INF] => Stopping worker: MailWorker
2025-07-20 08:52:38.3479 [INF] => GetInitConfigDone(): No Admins in database and using Strategy: LocalStrategy
2025-07-20 08:52:38.3613 [INF] => GetInitConfigDone(): No Admins in database and using Strategy: LocalStrategy
2025-07-20 08:52:38.4529 [INF] => Starting worker: CalendarEventWorker
2025-07-20 08:52:38.4529 [INF] => Starting worker: MailWorker
2025-07-20 08:52:38.4529 [INF] => Fenrus v23.08.3.994 started
2025-07-20 08:52:48.4537 [INF] => Triggering worker: CalendarEventWorker
2025-07-20 08:52:58.4537 [INF] => Triggering worker: CalendarEventWorker
2025-07-20 08:53:08.4539 [INF] => Triggering worker: CalendarEventWorker
2025-07-20 08:53:18.4539 [INF] => Triggering worker: CalendarEventWorker
2025-07-20 08:53:28.4540 [INF] => Triggering worker: CalendarEventWorker
2025-07-20 08:53:38.4542 [INF] => Triggering worker: CalendarEventWorker
2025-07-20 08:53:48.4546 [INF] => Triggering worker: CalendarEventWorker
2025-07-20 08:53:56.5768 [INF] => Fenrus v23.08.3.994 stopped
2025-07-20 08:53:56.5778 [INF] => Stopping worker: CalendarEventWorker
2025-07-20 08:53:56.5778 [INF] => Stopping worker: MailWorker
2025-07-20 08:54:11.2177 [INF] => GetInitConfigDone(): No Admins in database and using Strategy: LocalStrategy
2025-07-20 08:54:11.2309 [INF] => GetInitConfigDone(): No Admins in database and using Strategy: LocalStrategy
2025-07-20 08:54:11.3190 [INF] => Starting worker: CalendarEventWorker
2025-07-20 08:54:11.3190 [INF] => Starting worker: MailWorker
2025-07-20 08:54:11.3190 [INF] => Fenrus v23.08.3.994 started
2025-07-20 08:54:17.2049 [INF] => Fenrus v23.08.3.994 stopped
2025-07-20 08:54:17.2049 [INF] => Stopping worker: CalendarEventWorker
2025-07-20 08:54:17.2049 [INF] => Stopping worker: MailWorker
2025-07-20 08:56:55.8574 [INF] => GetInitConfigDone(): No Admins in database and using Strategy: LocalStrategy
2025-07-20 08:56:55.8710 [INF] => GetInitConfigDone(): No Admins in database and using Strategy: LocalStrategy
2025-07-20 08:56:55.9631 [INF] => Starting worker: CalendarEventWorker
2025-07-20 08:56:55.9631 [INF] => Starting worker: MailWorker
2025-07-20 08:56:55.9631 [INF] => Fenrus v23.08.3.994 started
2025-07-20 08:57:05.9630 [INF] => Triggering worker: CalendarEventWorker
2025-07-20 08:57:15.9628 [INF] => Triggering worker: CalendarEventWorker
2025-07-20 08:57:25.9630 [INF] => Triggering worker: CalendarEventWorker
2025-07-20 08:57:27.8772 [INF] => Fenrus v23.08.3.994 stopped
2025-07-20 08:57:27.8779 [INF] => Stopping worker: CalendarEventWorker
2025-07-20 08:57:27.8779 [INF] => Stopping worker: MailWorker
2025-07-20 08:59:39.3441 [INF] => GetInitConfigDone(): No Admins in database and using Strategy: LocalStrategy
2025-07-20 08:59:39.3599 [INF] => GetInitConfigDone(): No Admins in database and using Strategy: LocalStrategy
2025-07-20 08:59:39.4478 [INF] => Starting worker: CalendarEventWorker
2025-07-20 08:59:39.4478 [INF] => Starting worker: MailWorker
2025-07-20 08:59:39.4478 [INF] => Fenrus v23.08.3.994 started
2025-07-20 08:59:45.3678 [INF] => Fenrus v23.08.3.994 stopped
2025-07-20 08:59:45.3678 [INF] => Stopping worker: CalendarEventWorker
2025-07-20 08:59:45.3678 [INF] => Stopping worker: MailWorker
2025-07-20 09:03:59.8658 [INF] => GetInitConfigDone(): No Admins in database and using Strategy: LocalStrategy
2025-07-20 09:03:59.8780 [INF] => GetInitConfigDone(): No Admins in database and using Strategy: LocalStrategy
2025-07-20 09:03:59.9768 [INF] => Starting worker: CalendarEventWorker
2025-07-20 09:03:59.9768 [INF] => Starting worker: MailWorker
2025-07-20 09:03:59.9768 [INF] => Fenrus v23.08.3.994 started
2025-07-20 09:04:05.9799 [INF] => Fenrus v23.08.3.994 stopped
2025-07-20 09:04:05.9799 [INF] => Stopping worker: CalendarEventWorker
2025-07-20 09:04:05.9804 [INF] => Stopping worker: MailWorker
2025-07-20 09:04:34.7796 [INF] => GetInitConfigDone(): No Admins in database and using Strategy: LocalStrategy
2025-07-20 09:04:34.7914 [INF] => GetInitConfigDone(): No Admins in database and using Strategy: LocalStrategy
2025-07-20 09:04:34.8854 [INF] => Starting worker: CalendarEventWorker
2025-07-20 09:04:34.8854 [INF] => Starting worker: MailWorker
2025-07-20 09:04:34.8854 [INF] => Fenrus v23.08.3.994 started
2025-07-20 09:04:44.1349 [INF] => Fenrus v23.08.3.994 stopped
2025-07-20 09:04:44.1349 [INF] => Stopping worker: CalendarEventWorker
2025-07-20 09:04:44.1349 [INF] => Stopping worker: MailWorker
2025-07-20 12:10:58.2567 [INF] => GetInitConfigDone(): No Admins in database and using Strategy: LocalStrategy
2025-07-20 12:10:58.2693 [INF] => GetInitConfigDone(): No Admins in database and using Strategy: LocalStrategy
2025-07-20 12:10:58.3579 [INF] => Starting worker: CalendarEventWorker
2025-07-20 12:10:58.3579 [INF] => Starting worker: MailWorker
2025-07-20 12:10:58.3579 [INF] => Fenrus v23.08.3.994 started
2025-07-20 12:11:05.3789 [INF] => Fenrus v23.08.3.994 stopped
2025-07-20 12:11:05.3794 [INF] => Stopping worker: CalendarEventWorker
2025-07-20 12:11:05.3794 [INF] => Stopping worker: MailWorker
2025-07-20 12:22:04.0937 [INF] => GetInitConfigDone(): No Admins in database and using Strategy: LocalStrategy
2025-07-20 12:22:04.1058 [INF] => GetInitConfigDone(): No Admins in database and using Strategy: LocalStrategy
2025-07-20 12:22:04.1943 [INF] => Starting worker: CalendarEventWorker
2025-07-20 12:22:04.1944 [INF] => Starting worker: MailWorker
2025-07-20 12:22:04.1944 [INF] => Fenrus v23.08.3.994 started
2025-07-20 12:22:14.1958 [INF] => Triggering worker: CalendarEventWorker
2025-07-20 12:22:24.1960 [INF] => Triggering worker: CalendarEventWorker
2025-07-20 12:22:34.1967 [INF] => Triggering worker: CalendarEventWorker
2025-07-20 12:22:44.1969 [INF] => Triggering worker: CalendarEventWorker
2025-07-20 12:22:54.1969 [INF] => Triggering worker: CalendarEventWorker
2025-07-20 12:23:04.1966 [INF] => Triggering worker: CalendarEventWorker
2025-07-20 12:23:14.1965 [INF] => Triggering worker: CalendarEventWorker
2025-07-20 12:23:24.1974 [INF] => Triggering worker: CalendarEventWorker
2025-07-20 12:23:34.1981 [INF] => Triggering worker: CalendarEventWorker
2025-07-20 12:23:44.1979 [INF] => Triggering worker: CalendarEventWorker
2025-07-20 12:23:54.1986 [INF] => Triggering worker: CalendarEventWorker
2025-07-20 12:24:04.1993 [INF] => Triggering worker: CalendarEventWorker
2025-07-20 12:24:11.0565 [INF] => Fenrus v23.08.3.994 stopped
2025-07-20 12:24:11.0565 [INF] => Stopping worker: CalendarEventWorker
2025-07-20 12:24:11.0573 [INF] => Stopping worker: MailWorker
2025-07-20 12:25:09.8845 [INF] => GetInitConfigDone(): No Admins in database and using Strategy: LocalStrategy
2025-07-20 12:25:09.8969 [INF] => GetInitConfigDone(): No Admins in database and using Strategy: LocalStrategy
2025-07-20 12:25:09.9884 [INF] => Starting worker: CalendarEventWorker
2025-07-20 12:25:09.9884 [INF] => Starting worker: MailWorker
2025-07-20 12:25:09.9884 [INF] => Fenrus v23.08.3.994 started
2025-07-20 12:25:19.9898 [INF] => Triggering worker: CalendarEventWorker
2025-07-20 12:25:29.9900 [INF] => Triggering worker: CalendarEventWorker
2025-07-20 12:25:39.9897 [INF] => Triggering worker: CalendarEventWorker
2025-07-20 12:25:49.9905 [INF] => Triggering worker: CalendarEventWorker
2025-07-20 12:25:59.9910 [INF] => Triggering worker: CalendarEventWorker
2025-07-20 12:26:09.9910 [INF] => Triggering worker: CalendarEventWorker
2025-07-20 12:26:19.9906 [INF] => Triggering worker: CalendarEventWorker
2025-07-20 12:26:29.9907 [INF] => Triggering worker: CalendarEventWorker
2025-07-20 12:26:39.9911 [INF] => Triggering worker: CalendarEventWorker
2025-07-20 12:26:49.9908 [INF] => Triggering worker: CalendarEventWorker
2025-07-20 12:26:59.9924 [INF] => Triggering worker: CalendarEventWorker
2025-07-20 12:27:09.9930 [INF] => Triggering worker: CalendarEventWorker
2025-07-20 12:27:19.9933 [INF] => Triggering worker: CalendarEventWorker
2025-07-20 12:27:29.9944 [INF] => Triggering worker: CalendarEventWorker
2025-07-20 12:27:39.9955 [INF] => Triggering worker: CalendarEventWorker
2025-07-20 12:27:49.9961 [INF] => Triggering worker: CalendarEventWorker
2025-07-20 12:27:59.9968 [INF] => Triggering worker: CalendarEventWorker
2025-07-20 12:28:09.9970 [INF] => Triggering worker: CalendarEventWorker
2025-07-20 12:28:19.9968 [INF] => Triggering worker: CalendarEventWorker
2025-07-20 12:28:29.9974 [INF] => Triggering worker: CalendarEventWorker
2025-07-20 12:28:39.9978 [INF] => Triggering worker: CalendarEventWorker
2025-07-20 12:28:49.9976 [INF] => Triggering worker: CalendarEventWorker
2025-07-20 12:28:59.9980 [INF] => Triggering worker: CalendarEventWorker
2025-07-20 12:29:09.9984 [INF] => Triggering worker: CalendarEventWorker
2025-07-20 12:29:19.9992 [INF] => Triggering worker: CalendarEventWorker
2025-07-20 12:29:29.9996 [INF] => Triggering worker: CalendarEventWorker
2025-07-20 12:29:40.0000 [INF] => Triggering worker: CalendarEventWorker
2025-07-20 12:29:49.9999 [INF] => Triggering worker: CalendarEventWorker
2025-07-20 12:30:00.0008 [INF] => Triggering worker: CalendarEventWorker
2025-07-20 12:30:10.0018 [INF] => Triggering worker: CalendarEventWorker
2025-07-20 12:30:20.0025 [INF] => Triggering worker: CalendarEventWorker
2025-07-20 12:30:30.0027 [INF] => Triggering worker: CalendarEventWorker
2025-07-20 12:30:40.0028 [INF] => Triggering worker: CalendarEventWorker
2025-07-20 12:30:50.0027 [INF] => Triggering worker: CalendarEventWorker
2025-07-20 12:31:00.0033 [INF] => Triggering worker: CalendarEventWorker
2025-07-20 12:31:10.0045 [INF] => Triggering worker: CalendarEventWorker
2025-07-20 12:31:20.0052 [INF] => Triggering worker: CalendarEventWorker
2025-07-20 12:31:30.0062 [INF] => Triggering worker: CalendarEventWorker
2025-07-20 12:31:40.0074 [INF] => Triggering worker: CalendarEventWorker
2025-07-20 12:31:50.0078 [INF] => Triggering worker: CalendarEventWorker
2025-07-20 12:32:00.0084 [INF] => Triggering worker: CalendarEventWorker
2025-07-20 12:32:10.0087 [INF] => Triggering worker: CalendarEventWorker
2025-07-20 12:32:20.0092 [INF] => Triggering worker: CalendarEventWorker
2025-07-20 12:32:30.0096 [INF] => Triggering worker: CalendarEventWorker
2025-07-20 12:32:40.0101 [INF] => Triggering worker: CalendarEventWorker
2025-07-20 12:32:50.0112 [INF] => Triggering worker: CalendarEventWorker
2025-07-20 12:33:00.0116 [INF] => Triggering worker: CalendarEventWorker
2025-07-20 12:33:10.0120 [INF] => Triggering worker: CalendarEventWorker
2025-07-20 12:33:20.0120 [INF] => Triggering worker: CalendarEventWorker
2025-07-20 12:33:30.0122 [INF] => Triggering worker: CalendarEventWorker
2025-07-20 12:33:40.0129 [INF] => Triggering worker: CalendarEventWorker
2025-07-20 12:33:50.0129 [INF] => Triggering worker: CalendarEventWorker
2025-07-20 12:34:00.0130 [INF] => Triggering worker: CalendarEventWorker
2025-07-20 12:34:10.0132 [INF] => Triggering worker: CalendarEventWorker
2025-07-20 12:34:20.0132 [INF] => Triggering worker: CalendarEventWorker
2025-07-20 12:34:30.0142 [INF] => Triggering worker: CalendarEventWorker
2025-07-20 12:34:40.0141 [INF] => Triggering worker: CalendarEventWorker
2025-07-20 12:34:50.0138 [INF] => Triggering worker: CalendarEventWorker
2025-07-20 12:35:00.0143 [INF] => Triggering worker: CalendarEventWorker
2025-07-20 12:35:10.0152 [INF] => Triggering worker: CalendarEventWorker
2025-07-20 12:35:20.0161 [INF] => Triggering worker: CalendarEventWorker
2025-07-20 12:35:30.0175 [INF] => Triggering worker: CalendarEventWorker
2025-07-20 12:35:40.0184 [INF] => Triggering worker: CalendarEventWorker
2025-07-20 12:35:50.0194 [INF] => Triggering worker: CalendarEventWorker
2025-07-20 12:36:00.0201 [INF] => Triggering worker: CalendarEventWorker
2025-07-20 12:36:10.0203 [INF] => Triggering worker: CalendarEventWorker
2025-07-20 12:36:20.0211 [INF] => Triggering worker: CalendarEventWorker
2025-07-20 12:36:30.0209 [INF] => Triggering worker: CalendarEventWorker
2025-07-20 12:36:40.0207 [INF] => Triggering worker: CalendarEventWorker
2025-07-20 12:36:50.0212 [INF] => Triggering worker: CalendarEventWorker
2025-07-20 12:37:00.0207 [INF] => Triggering worker: CalendarEventWorker
2025-07-20 12:37:10.0214 [INF] => Triggering worker: CalendarEventWorker
2025-07-20 12:37:20.0217 [INF] => Triggering worker: CalendarEventWorker
2025-07-20 12:37:30.0222 [INF] => Triggering worker: CalendarEventWorker
2025-07-20 12:37:40.0221 [INF] => Triggering worker: CalendarEventWorker
2025-07-20 12:37:50.0220 [INF] => Triggering worker: CalendarEventWorker
2025-07-20 12:38:00.0222 [INF] => Triggering worker: CalendarEventWorker
2025-07-20 12:38:10.0234 [INF] => Triggering worker: CalendarEventWorker
2025-07-20 12:38:20.0240 [INF] => Triggering worker: CalendarEventWorker
2025-07-20 12:38:30.0241 [INF] => Triggering worker: CalendarEventWorker
2025-07-20 12:38:40.0237 [INF] => Triggering worker: CalendarEventWorker
2025-07-20 12:38:50.0244 [INF] => Triggering worker: CalendarEventWorker
2025-07-20 12:39:00.0248 [INF] => Triggering worker: CalendarEventWorker
2025-07-20 12:39:10.0246 [INF] => Triggering worker: CalendarEventWorker
2025-07-20 12:39:20.0251 [INF] => Triggering worker: CalendarEventWorker
2025-07-20 12:39:30.0253 [INF] => Triggering worker: CalendarEventWorker
2025-07-20 12:39:40.0259 [INF] => Triggering worker: CalendarEventWorker
2025-07-20 12:39:50.0262 [INF] => Triggering worker: CalendarEventWorker
2025-07-20 12:40:00.0260 [INF] => Triggering worker: CalendarEventWorker
2025-07-20 12:40:00.9887 [INF] => Triggering worker: MailWorker
2025-07-20 12:40:10.0260 [INF] => Triggering worker: CalendarEventWorker
2025-07-20 12:40:20.0256 [INF] => Triggering worker: CalendarEventWorker
2025-07-20 12:40:30.0265 [INF] => Triggering worker: CalendarEventWorker
2025-07-20 12:40:40.0273 [INF] => Triggering worker: CalendarEventWorker
2025-07-20 12:40:50.0282 [INF] => Triggering worker: CalendarEventWorker
2025-07-20 12:41:00.0277 [INF] => Triggering worker: CalendarEventWorker
2025-07-20 12:41:10.0285 [INF] => Triggering worker: CalendarEventWorker
2025-07-20 12:41:20.0292 [INF] => Triggering worker: CalendarEventWorker
2025-07-20 12:41:30.0296 [INF] => Triggering worker: CalendarEventWorker
2025-07-20 12:41:40.0304 [INF] => Triggering worker: CalendarEventWorker
2025-07-20 12:41:50.0307 [INF] => Triggering worker: CalendarEventWorker
2025-07-20 12:42:00.0315 [INF] => Triggering worker: CalendarEventWorker
2025-07-20 12:42:10.0316 [INF] => Triggering worker: CalendarEventWorker
2025-07-20 12:42:20.0323 [INF] => Triggering worker: CalendarEventWorker
2025-07-20 12:42:30.0332 [INF] => Triggering worker: CalendarEventWorker
2025-07-20 12:42:40.0328 [INF] => Triggering worker: CalendarEventWorker
2025-07-20 12:42:50.0333 [INF] => Triggering worker: CalendarEventWorker
2025-07-20 12:43:00.0341 [INF] => Triggering worker: CalendarEventWorker
2025-07-20 12:43:10.0341 [INF] => Triggering worker: CalendarEventWorker
2025-07-20 12:43:20.0336 [INF] => Triggering worker: CalendarEventWorker
2025-07-20 12:43:30.0343 [INF] => Triggering worker: CalendarEventWorker
2025-07-20 12:43:40.0350 [INF] => Triggering worker: CalendarEventWorker
2025-07-20 12:43:50.0349 [INF] => Triggering worker: CalendarEventWorker
2025-07-20 12:44:00.0352 [INF] => Triggering worker: CalendarEventWorker
2025-07-20 12:44:10.0352 [INF] => Triggering worker: CalendarEventWorker
2025-07-20 12:44:20.0358 [INF] => Triggering worker: CalendarEventWorker
2025-07-20 12:44:30.0358 [INF] => Triggering worker: CalendarEventWorker
2025-07-20 12:44:40.0362 [INF] => Triggering worker: CalendarEventWorker
2025-07-20 12:44:50.0371 [INF] => Triggering worker: CalendarEventWorker
2025-07-20 12:45:00.0374 [INF] => Triggering worker: CalendarEventWorker
2025-07-20 12:45:10.0382 [INF] => Triggering worker: CalendarEventWorker
2025-07-20 12:45:20.0378 [INF] => Triggering worker: CalendarEventWorker
2025-07-20 12:45:30.0384 [INF] => Triggering worker: CalendarEventWorker
2025-07-20 12:45:40.0392 [INF] => Triggering worker: CalendarEventWorker
2025-07-20 12:45:50.0392 [INF] => Triggering worker: CalendarEventWorker
2025-07-20 12:46:00.0391 [INF] => Triggering worker: CalendarEventWorker
2025-07-20 12:46:10.0391 [INF] => Triggering worker: CalendarEventWorker
2025-07-20 12:46:20.0389 [INF] => Triggering worker: CalendarEventWorker
2025-07-20 12:46:30.0389 [INF] => Triggering worker: CalendarEventWorker
2025-07-20 12:46:40.0385 [INF] => Triggering worker: CalendarEventWorker
2025-07-20 12:46:50.0391 [INF] => Triggering worker: CalendarEventWorker
2025-07-20 12:47:00.0386 [INF] => Triggering worker: CalendarEventWorker
2025-07-20 12:47:10.0391 [INF] => Triggering worker: CalendarEventWorker
2025-07-20 12:47:20.0386 [INF] => Triggering worker: CalendarEventWorker
2025-07-20 12:47:30.0394 [INF] => Triggering worker: CalendarEventWorker
2025-07-20 12:47:40.0399 [INF] => Triggering worker: CalendarEventWorker
2025-07-20 12:47:50.0402 [INF] => Triggering worker: CalendarEventWorker
2025-07-20 12:48:00.0409 [INF] => Triggering worker: CalendarEventWorker
2025-07-20 12:48:10.0407 [INF] => Triggering worker: CalendarEventWorker
2025-07-20 12:48:11.6888 [INF] => Fenrus v23.08.3.994 stopped
2025-07-20 12:48:11.6899 [INF] => Stopping worker: CalendarEventWorker
2025-07-20 12:48:11.6899 [INF] => Stopping worker: MailWorker
2025-07-20 12:48:35.1216 [INF] => GetInitConfigDone(): No Admins in database and using Strategy: LocalStrategy
2025-07-20 12:48:35.1367 [INF] => GetInitConfigDone(): No Admins in database and using Strategy: LocalStrategy
2025-07-20 12:48:35.2259 [INF] => Starting worker: CalendarEventWorker
2025-07-20 12:48:35.2259 [INF] => Starting worker: MailWorker
2025-07-20 12:48:35.2259 [INF] => Fenrus v23.08.3.994 started
2025-07-20 12:48:45.2262 [INF] => Triggering worker: CalendarEventWorker
2025-07-20 12:48:55.2265 [INF] => Triggering worker: CalendarEventWorker
2025-07-20 12:49:05.2269 [INF] => Triggering worker: CalendarEventWorker
2025-07-20 12:49:15.2266 [INF] => Triggering worker: CalendarEventWorker
2025-07-20 12:49:25.2271 [INF] => Triggering worker: CalendarEventWorker
2025-07-20 12:49:35.2283 [INF] => Triggering worker: CalendarEventWorker
2025-07-20 12:49:45.2288 [INF] => Triggering worker: CalendarEventWorker
2025-07-20 12:49:55.2292 [INF] => Triggering worker: CalendarEventWorker
2025-07-20 12:50:05.2302 [INF] => Triggering worker: CalendarEventWorker
2025-07-20 12:50:15.2313 [INF] => Triggering worker: CalendarEventWorker
2025-07-20 12:50:25.2324 [INF] => Triggering worker: CalendarEventWorker
2025-07-20 12:50:35.2331 [INF] => Triggering worker: CalendarEventWorker
2025-07-20 12:50:39.0581 [INF] => Fenrus v23.08.3.994 stopped
2025-07-20 12:50:39.0585 [INF] => Stopping worker: CalendarEventWorker
2025-07-20 12:50:39.0585 [INF] => Stopping worker: MailWorker
2025-07-20 12:51:57.7683 [INF] => GetInitConfigDone(): No Admins in database and using Strategy: LocalStrategy
2025-07-20 12:51:57.7841 [INF] => GetInitConfigDone(): No Admins in database and using Strategy: LocalStrategy
2025-07-20 12:51:57.8859 [INF] => Starting worker: CalendarEventWorker
2025-07-20 12:51:57.8859 [INF] => Starting worker: MailWorker
2025-07-20 12:51:57.8859 [INF] => Fenrus v23.08.3.994 started
2025-07-20 12:52:07.8860 [INF] => Triggering worker: CalendarEventWorker
2025-07-20 12:52:17.8858 [INF] => Triggering worker: CalendarEventWorker
2025-07-20 12:52:27.8857 [INF] => Triggering worker: CalendarEventWorker
2025-07-20 12:52:37.8859 [INF] => Triggering worker: CalendarEventWorker
2025-07-20 12:52:47.8858 [INF] => Triggering worker: CalendarEventWorker
2025-07-20 12:52:57.8863 [INF] => Triggering worker: CalendarEventWorker
2025-07-20 12:53:07.8871 [INF] => Triggering worker: CalendarEventWorker
2025-07-20 12:53:17.8882 [INF] => Triggering worker: CalendarEventWorker
2025-07-20 12:53:27.8891 [INF] => Triggering worker: CalendarEventWorker
2025-07-20 12:53:37.8888 [INF] => Triggering worker: CalendarEventWorker
2025-07-20 12:53:47.8896 [INF] => Triggering worker: CalendarEventWorker
2025-07-20 12:53:57.8900 [INF] => Triggering worker: CalendarEventWorker
2025-07-20 12:54:07.8901 [INF] => Triggering worker: CalendarEventWorker
2025-07-20 12:54:17.8905 [INF] => Triggering worker: CalendarEventWorker
2025-07-20 12:54:27.8915 [INF] => Triggering worker: CalendarEventWorker
2025-07-20 12:54:37.8920 [INF] => Triggering worker: CalendarEventWorker
2025-07-20 12:54:47.8924 [INF] => Triggering worker: CalendarEventWorker
2025-07-20 12:54:57.8925 [INF] => Triggering worker: CalendarEventWorker
2025-07-20 12:55:07.8934 [INF] => Triggering worker: CalendarEventWorker
2025-07-20 12:55:17.8940 [INF] => Triggering worker: CalendarEventWorker
2025-07-20 12:55:27.8936 [INF] => Triggering worker: CalendarEventWorker
2025-07-20 12:55:37.8938 [INF] => Triggering worker: CalendarEventWorker
2025-07-20 12:55:47.8944 [INF] => Triggering worker: CalendarEventWorker
2025-07-20 12:55:57.8946 [INF] => Triggering worker: CalendarEventWorker
2025-07-20 12:56:07.8948 [INF] => Triggering worker: CalendarEventWorker
2025-07-20 12:56:17.8948 [INF] => Triggering worker: CalendarEventWorker
2025-07-20 12:56:27.8948 [INF] => Triggering worker: CalendarEventWorker
2025-07-20 12:56:37.8953 [INF] => Triggering worker: CalendarEventWorker
2025-07-20 12:56:47.8960 [INF] => Triggering worker: CalendarEventWorker
2025-07-20 12:56:57.8964 [INF] => Triggering worker: CalendarEventWorker
2025-07-20 12:57:07.8970 [INF] => Triggering worker: CalendarEventWorker
2025-07-20 12:57:17.8975 [INF] => Triggering worker: CalendarEventWorker
2025-07-20 12:57:27.8984 [INF] => Triggering worker: CalendarEventWorker
2025-07-20 12:57:37.8991 [INF] => Triggering worker: CalendarEventWorker
2025-07-20 12:57:47.8990 [INF] => Triggering worker: CalendarEventWorker
2025-07-20 12:57:57.9003 [INF] => Triggering worker: CalendarEventWorker
2025-07-20 12:58:07.9012 [INF] => Triggering worker: CalendarEventWorker
2025-07-20 12:58:17.9022 [INF] => Triggering worker: CalendarEventWorker
2025-07-20 12:58:27.9029 [INF] => Triggering worker: CalendarEventWorker
2025-07-20 12:58:37.9034 [INF] => Triggering worker: CalendarEventWorker
2025-07-20 12:58:40.7696 [INF] => Fenrus v23.08.3.994 stopped
2025-07-20 12:58:40.7706 [INF] => Stopping worker: CalendarEventWorker
2025-07-20 12:58:40.7706 [INF] => Stopping worker: MailWorker
2025-07-20 13:00:22.4867 [INF] => GetInitConfigDone(): No Admins in database and using Strategy: LocalStrategy
2025-07-20 13:00:22.5026 [INF] => GetInitConfigDone(): No Admins in database and using Strategy: LocalStrategy
2025-07-20 13:00:22.5907 [INF] => Starting worker: CalendarEventWorker
2025-07-20 13:00:22.5907 [INF] => Starting worker: MailWorker
2025-07-20 13:00:22.5907 [INF] => Fenrus v23.08.3.994 started
2025-07-20 13:00:32.5915 [INF] => Triggering worker: CalendarEventWorker
2025-07-20 13:00:42.5919 [INF] => Triggering worker: CalendarEventWorker
2025-07-20 13:00:52.5920 [INF] => Triggering worker: CalendarEventWorker
2025-07-20 13:01:02.5925 [INF] => Triggering worker: CalendarEventWorker
2025-07-20 13:01:12.5933 [INF] => Triggering worker: CalendarEventWorker
2025-07-20 13:01:22.5945 [INF] => Triggering worker: CalendarEventWorker
2025-07-20 13:01:32.5955 [INF] => Triggering worker: CalendarEventWorker
2025-07-20 13:01:42.5959 [INF] => Triggering worker: CalendarEventWorker
2025-07-20 13:01:52.5956 [INF] => Triggering worker: CalendarEventWorker
2025-07-20 13:02:02.5955 [INF] => Triggering worker: CalendarEventWorker
2025-07-20 13:02:12.5964 [INF] => Triggering worker: CalendarEventWorker
2025-07-20 13:02:22.5965 [INF] => Triggering worker: CalendarEventWorker
2025-07-20 13:02:32.5972 [INF] => Triggering worker: CalendarEventWorker
2025-07-20 13:02:42.5976 [INF] => Triggering worker: CalendarEventWorker
2025-07-20 13:02:52.5983 [INF] => Triggering worker: CalendarEventWorker
2025-07-20 13:03:02.5993 [INF] => Triggering worker: CalendarEventWorker
2025-07-20 13:03:12.5995 [INF] => Triggering worker: CalendarEventWorker
2025-07-20 13:03:22.6001 [INF] => Triggering worker: CalendarEventWorker
2025-07-20 13:03:32.6011 [INF] => Triggering worker: CalendarEventWorker
2025-07-20 13:03:42.6018 [INF] => Triggering worker: CalendarEventWorker
2025-07-20 13:03:52.6025 [INF] => Triggering worker: CalendarEventWorker
2025-07-20 13:04:02.6032 [INF] => Triggering worker: CalendarEventWorker
2025-07-20 13:04:12.6036 [INF] => Triggering worker: CalendarEventWorker
2025-07-20 13:04:22.6038 [INF] => Triggering worker: CalendarEventWorker
2025-07-20 13:04:32.6045 [INF] => Triggering worker: CalendarEventWorker
2025-07-20 13:04:42.6047 [INF] => Triggering worker: CalendarEventWorker
2025-07-20 13:04:52.6052 [INF] => Triggering worker: CalendarEventWorker
2025-07-20 13:05:02.6053 [INF] => Triggering worker: CalendarEventWorker
2025-07-20 13:05:12.6058 [INF] => Triggering worker: CalendarEventWorker
2025-07-20 13:05:22.6064 [INF] => Triggering worker: CalendarEventWorker
2025-07-20 13:05:32.6077 [INF] => Triggering worker: CalendarEventWorker
2025-07-20 13:05:42.6078 [INF] => Triggering worker: CalendarEventWorker
2025-07-20 13:05:52.6081 [INF] => Triggering worker: CalendarEventWorker
2025-07-20 13:06:02.6075 [INF] => Triggering worker: CalendarEventWorker
2025-07-20 13:06:12.6081 [INF] => Triggering worker: CalendarEventWorker
2025-07-20 13:06:22.6085 [INF] => Triggering worker: CalendarEventWorker
2025-07-20 13:06:32.6086 [INF] => Triggering worker: CalendarEventWorker
2025-07-20 13:06:42.6089 [INF] => Triggering worker: CalendarEventWorker
2025-07-20 13:06:52.6094 [INF] => Triggering worker: CalendarEventWorker
2025-07-20 13:07:02.6102 [INF] => Triggering worker: CalendarEventWorker
2025-07-20 13:07:12.6102 [INF] => Triggering worker: CalendarEventWorker
2025-07-20 13:07:22.6098 [INF] => Triggering worker: CalendarEventWorker
2025-07-20 13:07:32.6098 [INF] => Triggering worker: CalendarEventWorker
2025-07-20 13:07:42.6096 [INF] => Triggering worker: CalendarEventWorker
2025-07-20 13:07:52.6100 [INF] => Triggering worker: CalendarEventWorker
2025-07-20 13:08:02.6101 [INF] => Triggering worker: CalendarEventWorker
2025-07-20 13:08:12.6102 [INF] => Triggering worker: CalendarEventWorker
2025-07-20 13:08:22.6104 [INF] => Triggering worker: CalendarEventWorker
2025-07-20 13:08:32.6111 [INF] => Triggering worker: CalendarEventWorker
2025-07-20 13:08:42.6107 [INF] => Triggering worker: CalendarEventWorker
2025-07-20 13:08:52.6109 [INF] => Triggering worker: CalendarEventWorker
2025-07-20 13:09:02.6107 [INF] => Triggering worker: CalendarEventWorker
2025-07-20 13:09:12.6110 [INF] => Triggering worker: CalendarEventWorker
2025-07-20 13:09:22.6113 [INF] => Triggering worker: CalendarEventWorker
2025-07-20 13:09:32.6122 [INF] => Triggering worker: CalendarEventWorker
2025-07-20 13:09:42.6119 [INF] => Triggering worker: CalendarEventWorker
2025-07-20 13:09:52.6118 [INF] => Triggering worker: CalendarEventWorker
2025-07-20 13:10:02.6123 [INF] => Triggering worker: CalendarEventWorker
2025-07-20 13:10:12.6133 [INF] => Triggering worker: CalendarEventWorker
2025-07-20 13:10:22.6136 [INF] => Triggering worker: CalendarEventWorker
2025-07-20 13:10:32.6145 [INF] => Triggering worker: CalendarEventWorker
2025-07-20 13:10:42.6147 [INF] => Triggering worker: CalendarEventWorker
2025-07-20 13:10:52.6150 [INF] => Triggering worker: CalendarEventWorker
2025-07-20 13:11:02.6150 [INF] => Triggering worker: CalendarEventWorker
2025-07-20 13:11:12.6150 [INF] => Triggering worker: CalendarEventWorker
2025-07-20 13:11:22.6150 [INF] => Triggering worker: CalendarEventWorker
2025-07-20 13:11:32.6152 [INF] => Triggering worker: CalendarEventWorker
2025-07-20 13:11:42.6154 [INF] => Triggering worker: CalendarEventWorker
2025-07-20 13:11:52.6164 [INF] => Triggering worker: CalendarEventWorker
2025-07-20 13:12:02.6168 [INF] => Triggering worker: CalendarEventWorker
2025-07-20 13:12:12.6168 [INF] => Triggering worker: CalendarEventWorker
2025-07-20 13:12:22.6166 [INF] => Triggering worker: CalendarEventWorker
2025-07-20 13:12:32.6169 [INF] => Triggering worker: CalendarEventWorker
2025-07-20 13:12:42.6176 [INF] => Triggering worker: CalendarEventWorker
2025-07-20 13:12:52.6183 [INF] => Triggering worker: CalendarEventWorker
2025-07-20 13:13:02.6184 [INF] => Triggering worker: CalendarEventWorker
2025-07-20 13:13:12.6192 [INF] => Triggering worker: CalendarEventWorker
2025-07-20 13:13:22.6205 [INF] => Triggering worker: CalendarEventWorker
2025-07-20 13:13:32.6211 [INF] => Triggering worker: CalendarEventWorker
2025-07-20 13:13:42.6210 [INF] => Triggering worker: CalendarEventWorker
2025-07-20 13:13:52.6208 [INF] => Triggering worker: CalendarEventWorker
2025-07-20 13:14:02.6206 [INF] => Triggering worker: CalendarEventWorker
2025-07-20 13:14:12.6214 [INF] => Triggering worker: CalendarEventWorker
2025-07-20 13:14:22.6217 [INF] => Triggering worker: CalendarEventWorker
2025-07-20 13:14:32.6219 [INF] => Triggering worker: CalendarEventWorker
2025-07-20 13:14:42.6223 [INF] => Triggering worker: CalendarEventWorker
2025-07-20 13:14:52.6233 [INF] => Triggering worker: CalendarEventWorker
2025-07-20 13:15:02.6242 [INF] => Triggering worker: CalendarEventWorker
2025-07-20 13:15:12.6250 [INF] => Triggering worker: CalendarEventWorker
2025-07-20 13:15:22.6253 [INF] => Triggering worker: CalendarEventWorker
2025-07-20 13:15:32.6257 [INF] => Triggering worker: CalendarEventWorker
2025-07-20 13:15:42.6258 [INF] => Triggering worker: CalendarEventWorker
2025-07-20 13:15:52.6256 [INF] => Triggering worker: CalendarEventWorker
2025-07-20 13:16:02.6259 [INF] => Triggering worker: CalendarEventWorker
2025-07-20 13:16:12.6258 [INF] => Triggering worker: CalendarEventWorker
2025-07-20 13:16:22.6259 [INF] => Triggering worker: CalendarEventWorker
2025-07-20 13:16:24.8887 [INF] => Fenrus v23.08.3.994 stopped
2025-07-20 13:16:24.8894 [INF] => Stopping worker: CalendarEventWorker
2025-07-20 13:16:24.8894 [INF] => Stopping worker: MailWorker
2025-07-20 13:25:22.4327 [INF] => GetInitConfigDone(): No Admins in database and using Strategy: LocalStrategy
2025-07-20 13:25:22.4500 [INF] => GetInitConfigDone(): No Admins in database and using Strategy: LocalStrategy
2025-07-20 13:25:22.5496 [INF] => Starting worker: CalendarEventWorker
2025-07-20 13:25:22.5496 [INF] => Starting worker: MailWorker
2025-07-20 13:25:22.5496 [INF] => Fenrus v23.08.3.994 started
2025-07-20 13:25:32.5507 [INF] => Triggering worker: CalendarEventWorker
2025-07-20 13:25:42.5512 [INF] => Triggering worker: CalendarEventWorker
2025-07-20 13:25:52.5521 [INF] => Triggering worker: CalendarEventWorker
2025-07-20 13:26:02.5520 [INF] => Triggering worker: CalendarEventWorker
2025-07-20 13:26:12.5516 [INF] => Triggering worker: CalendarEventWorker
2025-07-20 13:26:22.5524 [INF] => Triggering worker: CalendarEventWorker
2025-07-20 13:26:32.5529 [INF] => Triggering worker: CalendarEventWorker
2025-07-20 13:26:42.5542 [INF] => Triggering worker: CalendarEventWorker
2025-07-20 13:26:52.5537 [INF] => Triggering worker: CalendarEventWorker
2025-07-20 13:27:02.5539 [INF] => Triggering worker: CalendarEventWorker
2025-07-20 13:27:12.5553 [INF] => Triggering worker: CalendarEventWorker
2025-07-20 13:27:22.5564 [INF] => Triggering worker: CalendarEventWorker
2025-07-20 13:27:32.5568 [INF] => Triggering worker: CalendarEventWorker
2025-07-20 13:27:42.5572 [INF] => Triggering worker: CalendarEventWorker
2025-07-20 13:27:52.5569 [INF] => Triggering worker: CalendarEventWorker
2025-07-20 13:28:02.5568 [INF] => Triggering worker: CalendarEventWorker
2025-07-20 13:28:12.5567 [INF] => Triggering worker: CalendarEventWorker
2025-07-20 13:28:22.5569 [INF] => Triggering worker: CalendarEventWorker
2025-07-20 13:28:32.5575 [INF] => Triggering worker: CalendarEventWorker
2025-07-20 13:28:42.5580 [INF] => Triggering worker: CalendarEventWorker
2025-07-20 13:28:52.5581 [INF] => Triggering worker: CalendarEventWorker
2025-07-20 13:29:02.5576 [INF] => Triggering worker: CalendarEventWorker
2025-07-20 13:29:03.5558 [INF] => Fenrus v23.08.3.994 stopped
2025-07-20 13:29:03.5565 [INF] => Stopping worker: CalendarEventWorker
2025-07-20 13:29:03.5565 [INF] => Stopping worker: MailWorker
